[2024-01-13 08:25:07] flarum.ERROR: PDOException: SQLSTATE[HY000]: General error: 1005 Can't create table `forum`.`post_likes` (errno: 121 "Duplicate key on write or update") in C:\xampp\htdocs\flarum\vendor\doctrine\dbal\lib\Doctrine\DBAL\Driver\PDOStatement.php:117
Stack trace:
#0 C:\xampp\htdocs\flarum\vendor\doctrine\dbal\lib\Doctrine\DBAL\Driver\PDOStatement.php(117): PDOStatement->execute(NULL)
#1 C:\xampp\htdocs\flarum\vendor\illuminate\database\Connection.php(501): Doctrine\DBAL\Driver\PDOStatement->execute()
#2 C:\xampp\htdocs\flarum\vendor\illuminate\database\Connection.php(705): Illuminate\Database\Connection->Illuminate\Database\{closure}('alter table `po...', Array)
#3 C:\xampp\htdocs\flarum\vendor\illuminate\database\Connection.php(672): Illuminate\Database\Connection->runQueryCallback('alter table `po...', Array, Object(Closure))
#4 C:\xampp\htdocs\flarum\vendor\illuminate\database\Connection.php(502): Illuminate\Database\Connection->run('alter table `po...', Array, Object(Closure))
#5 C:\xampp\htdocs\flarum\vendor\illuminate\database\Schema\Blueprint.php(109): Illuminate\Database\Connection->statement('alter table `po...')
#6 C:\xampp\htdocs\flarum\vendor\illuminate\database\Schema\Builder.php(364): Illuminate\Database\Schema\Blueprint->build(Object(Illuminate\Database\MySqlConnection), Object(Illuminate\Database\Schema\Grammars\MySqlGrammar))
#7 C:\xampp\htdocs\flarum\vendor\illuminate\database\Schema\Builder.php(211): Illuminate\Database\Schema\Builder->build(Object(Illuminate\Database\Schema\Blueprint))
#8 C:\xampp\htdocs\flarum\vendor\flarum\likes\migrations\2018_06_27_100700_change_post_likes_add_foreign_keys.php(30): Illuminate\Database\Schema\Builder->table('post_likes', Object(Closure))
#9 [internal function]: Illuminate\Filesystem\Filesystem::{closure}(Object(Illuminate\Database\Schema\MySqlBuilder))
#10 C:\xampp\htdocs\flarum\vendor\flarum\core\src\Database\Migrator.php(194): call_user_func(Object(Closure), Object(Illuminate\Database\Schema\MySqlBuilder))
#11 C:\xampp\htdocs\flarum\vendor\flarum\core\src\Database\Migrator.php(213): Flarum\Database\Migrator->runClosureMigration(Array, 'up')
#12 C:\xampp\htdocs\flarum\vendor\flarum\core\src\Database\Migrator.php(127): Flarum\Database\Migrator->resolveAndRunClosureMigration('C:\\xampp\\htdocs...', '2018_06_27_1007...')
#13 C:\xampp\htdocs\flarum\vendor\flarum\core\src\Database\Migrator.php(113): Flarum\Database\Migrator->runUp('C:\\xampp\\htdocs...', '2018_06_27_1007...', Object(Flarum\Extension\Extension))
#14 C:\xampp\htdocs\flarum\vendor\flarum\core\src\Database\Migrator.php(87): Flarum\Database\Migrator->runMigrationList('C:\\xampp\\htdocs...', Array, Object(Flarum\Extension\Extension))
#15 C:\xampp\htdocs\flarum\vendor\flarum\core\src\Extension\Extension.php(499): Flarum\Database\Migrator->run('C:\\xampp\\htdocs...', Object(Flarum\Extension\Extension))
#16 C:\xampp\htdocs\flarum\vendor\flarum\core\src\Extension\ExtensionManager.php(337): Flarum\Extension\Extension->migrate(Object(Flarum\Database\Migrator), 'up')
#17 C:\xampp\htdocs\flarum\vendor\flarum\core\src\Extension\ExtensionManager.php(208): Flarum\Extension\ExtensionManager->migrate(Object(Flarum\Extension\Extension))
#18 C:\xampp\htdocs\flarum\vendor\flarum\core\src\Extension\Command\ToggleExtensionHandler.php(36): Flarum\Extension\ExtensionManager->enable('flarum-likes')
#19 C:\xampp\htdocs\flarum\vendor\illuminate\bus\Dispatcher.php(122): Flarum\Extension\Command\ToggleExtensionHandler->handle(Object(Flarum\Extension\Command\ToggleExtension))
#20 C:\xampp\htdocs\flarum\vendor\illuminate\pipeline\Pipeline.php(128): Illuminate\Bus\Dispatcher->Illuminate\Bus\{closure}(Object(Flarum\Extension\Command\ToggleExtension))
#21 C:\xampp\htdocs\flarum\vendor\illuminate\pipeline\Pipeline.php(103): Illuminate\Pipeline\Pipeline->Illuminate\Pipeline\{closure}(Object(Flarum\Extension\Command\ToggleExtension))
#22 C:\xampp\htdocs\flarum\vendor\illuminate\bus\Dispatcher.php(132): Illuminate\Pipeline\Pipeline->then(Object(Closure))
#23 C:\xampp\htdocs\flarum\vendor\illuminate\bus\Dispatcher.php(78): Illuminate\Bus\Dispatcher->dispatchNow(Object(Flarum\Extension\Command\ToggleExtension))
#24 C:\xampp\htdocs\flarum\vendor\flarum\core\src\Api\Controller\UpdateExtensionController.php(43): Illuminate\Bus\Dispatcher->dispatch(Object(Flarum\Extension\Command\ToggleExtension))
#25 C:\xampp\htdocs\flarum\vendor\flarum\core\src\Http\RouteHandlerFactory.php(41): Flarum\Api\Controller\UpdateExtensionController->handle(Object(Laminas\Diactoros\ServerRequest))
#26 C:\xampp\htdocs\flarum\vendor\flarum\core\src\Http\Middleware\ExecuteRoute.php(27): Flarum\Http\RouteHandlerFactory->Flarum\Http\{closure}(Object(Laminas\Diactoros\ServerRequest), Array)
#27 C:\xampp\htdocs\flarum\vendor\laminas\laminas-stratigility\src\Next.php(49): Flarum\Http\Middleware\ExecuteRoute->process(Object(Laminas\Diactoros\ServerRequest), Object(Closure))
#28 C:\xampp\htdocs\flarum\vendor\flarum\core\src\Api\Middleware\ThrottleApi.php(33): Laminas\Stratigility\Next->handle(Object(Laminas\Diactoros\ServerRequest))
#29 C:\xampp\htdocs\flarum\vendor\laminas\laminas-stratigility\src\Next.php(49): Flarum\Api\Middleware\ThrottleApi->process(Object(Laminas\Diactoros\ServerRequest), Object(Laminas\Stratigility\Next))
#30 C:\xampp\htdocs\flarum\vendor\flarum\core\src\Http\Middleware\CheckCsrfToken.php(44): Laminas\Stratigility\Next->handle(Object(Laminas\Diactoros\ServerRequest))
#31 C:\xampp\htdocs\flarum\vendor\laminas\laminas-stratigility\src\Next.php(49): Flarum\Http\Middleware\CheckCsrfToken->process(Object(Laminas\Diactoros\ServerRequest), Object(Laminas\Stratigility\Next))
#32 C:\xampp\htdocs\flarum\vendor\flarum\core\src\Http\Middleware\ResolveRoute.php(69): Laminas\Stratigility\Next->handle(Object(Laminas\Diactoros\ServerRequest))
#33 C:\xampp\htdocs\flarum\vendor\laminas\laminas-stratigility\src\Next.php(49): Flarum\Http\Middleware\ResolveRoute->process(Object(Laminas\Diactoros\ServerRequest), Object(Laminas\Stratigility\Next))
#34 C:\xampp\htdocs\flarum\vendor\flarum\core\src\Http\Middleware\SetLocale.php(51): Laminas\Stratigility\Next->handle(Object(Laminas\Diactoros\ServerRequest))
#35 C:\xampp\htdocs\flarum\vendor\laminas\laminas-stratigility\src\Next.php(49): Flarum\Http\Middleware\SetLocale->process(Object(Laminas\Diactoros\ServerRequest), Object(Laminas\Stratigility\Next))
#36 C:\xampp\htdocs\flarum\vendor\flarum\core\src\Http\Middleware\AuthenticateWithHeader.php(58): Laminas\Stratigility\Next->handle(Object(Laminas\Diactoros\ServerRequest))
#37 C:\xampp\htdocs\flarum\vendor\laminas\laminas-stratigility\src\Next.php(49): Flarum\Http\Middleware\AuthenticateWithHeader->process(Object(Laminas\Diactoros\ServerRequest), Object(Laminas\Stratigility\Next))
#38 C:\xampp\htdocs\flarum\vendor\flarum\core\src\Http\Middleware\AuthenticateWithSession.php(31): Laminas\Stratigility\Next->handle(Object(Laminas\Diactoros\ServerRequest))
#39 C:\xampp\htdocs\flarum\vendor\laminas\laminas-stratigility\src\Next.php(49): Flarum\Http\Middleware\AuthenticateWithSession->process(Object(Laminas\Diactoros\ServerRequest), Object(Laminas\Stratigility\Next))
#40 C:\xampp\htdocs\flarum\vendor\flarum\core\src\Http\Middleware\RememberFromCookie.php(52): Laminas\Stratigility\Next->handle(Object(Laminas\Diactoros\ServerRequest))
#41 C:\xampp\htdocs\flarum\vendor\laminas\laminas-stratigility\src\Next.php(49): Flarum\Http\Middleware\RememberFromCookie->process(Object(Laminas\Diactoros\ServerRequest), Object(Laminas\Stratigility\Next))
#42 C:\xampp\htdocs\flarum\vendor\flarum\core\src\Http\Middleware\StartSession.php(61): Laminas\Stratigility\Next->handle(Object(Laminas\Diactoros\ServerRequest))
#43 C:\xampp\htdocs\flarum\vendor\laminas\laminas-stratigility\src\Next.php(49): Flarum\Http\Middleware\StartSession->process(Object(Laminas\Diactoros\ServerRequest), Object(Laminas\Stratigility\Next))
#44 C:\xampp\htdocs\flarum\vendor\flarum\core\src\Api\Middleware\FakeHttpMethods.php(29): Laminas\Stratigility\Next->handle(Object(Laminas\Diactoros\ServerRequest))
#45 C:\xampp\htdocs\flarum\vendor\laminas\laminas-stratigility\src\Next.php(49): Flarum\Api\Middleware\FakeHttpMethods->process(Object(Laminas\Diactoros\ServerRequest), Object(Laminas\Stratigility\Next))
#46 C:\xampp\htdocs\flarum\vendor\flarum\core\src\Http\Middleware\ParseJsonBody.php(28): Laminas\Stratigility\Next->handle(Object(Laminas\Diactoros\ServerRequest))
#47 C:\xampp\htdocs\flarum\vendor\laminas\laminas-stratigility\src\Next.php(49): Flarum\Http\Middleware\ParseJsonBody->process(Object(Laminas\Diactoros\ServerRequest), Object(Laminas\Stratigility\Next))
#48 C:\xampp\htdocs\flarum\vendor\flarum\core\src\Http\Middleware\HandleErrors.php(57): Laminas\Stratigility\Next->handle(Object(Laminas\Diactoros\ServerRequest))
#49 C:\xampp\htdocs\flarum\vendor\laminas\laminas-stratigility\src\Next.php(49): Flarum\Http\Middleware\HandleErrors->process(Object(Laminas\Diactoros\ServerRequest), Object(Laminas\Stratigility\Next))
#50 C:\xampp\htdocs\flarum\vendor\flarum\core\src\Http\Middleware\InjectActorReference.php(25): Laminas\Stratigility\Next->handle(Object(Laminas\Diactoros\ServerRequest))
#51 C:\xampp\htdocs\flarum\vendor\laminas\laminas-stratigility\src\Next.php(49): Flarum\Http\Middleware\InjectActorReference->process(Object(Laminas\Diactoros\ServerRequest), Object(Laminas\Stratigility\Next))
#52 C:\xampp\htdocs\flarum\vendor\laminas\laminas-stratigility\src\MiddlewarePipe.php(75): Laminas\Stratigility\Next->handle(Object(Laminas\Diactoros\ServerRequest))
#53 C:\xampp\htdocs\flarum\vendor\middlewares\request-handler\src\RequestHandler.php(84): Laminas\Stratigility\MiddlewarePipe->process(Object(Laminas\Diactoros\ServerRequest), Object(Laminas\Stratigility\Next))
#54 C:\xampp\htdocs\flarum\vendor\laminas\laminas-stratigility\src\Next.php(49): Middlewares\RequestHandler->process(Object(Laminas\Diactoros\ServerRequest), Object(Laminas\Stratigility\Next))
#55 C:\xampp\htdocs\flarum\vendor\middlewares\base-path-router\src\BasePathRouter.php(101): Laminas\Stratigility\Next->handle(Object(Laminas\Diactoros\ServerRequest))
#56 C:\xampp\htdocs\flarum\vendor\laminas\laminas-stratigility\src\Next.php(49): Middlewares\BasePathRouter->process(Object(Laminas\Diactoros\ServerRequest), Object(Laminas\Stratigility\Next))
#57 C:\xampp\htdocs\flarum\vendor\laminas\laminas-stratigility\src\Middleware\OriginalMessages.php(36): Laminas\Stratigility\Next->handle(Object(Laminas\Diactoros\ServerRequest))
#58 C:\xampp\htdocs\flarum\vendor\laminas\laminas-stratigility\src\Next.php(49): Laminas\Stratigility\Middleware\OriginalMessages->process(Object(Laminas\Diactoros\ServerRequest), Object(Laminas\Stratigility\Next))
#59 C:\xampp\htdocs\flarum\vendor\middlewares\base-path\src\BasePath.php(73): Laminas\Stratigility\Next->handle(Object(Laminas\Diactoros\ServerRequest))
#60 C:\xampp\htdocs\flarum\vendor\laminas\laminas-stratigility\src\Next.php(49): Middlewares\BasePath->process(Object(Laminas\Diactoros\ServerRequest), Object(Laminas\Stratigility\Next))
#61 C:\xampp\htdocs\flarum\vendor\flarum\core\src\Http\Middleware\ProcessIp.php(24): Laminas\Stratigility\Next->handle(Object(Laminas\Diactoros\ServerRequest))
#62 C:\xampp\htdocs\flarum\vendor\laminas\laminas-stratigility\src\Next.php(49): Flarum\Http\Middleware\ProcessIp->process(Object(Laminas\Diactoros\ServerRequest), Object(Laminas\Stratigility\Next))
#63 C:\xampp\htdocs\flarum\vendor\laminas\laminas-stratigility\src\MiddlewarePipe.php(75): Laminas\Stratigility\Next->handle(Object(Laminas\Diactoros\ServerRequest))
#64 C:\xampp\htdocs\flarum\vendor\laminas\laminas-stratigility\src\MiddlewarePipe.php(64): Laminas\Stratigility\MiddlewarePipe->process(Object(Laminas\Diactoros\ServerRequest), Object(Laminas\Stratigility\EmptyPipelineHandler))
#65 C:\xampp\htdocs\flarum\vendor\laminas\laminas-httphandlerrunner\src\RequestHandlerRunner.php(73): Laminas\Stratigility\MiddlewarePipe->handle(Object(Laminas\Diactoros\ServerRequest))
#66 C:\xampp\htdocs\flarum\vendor\flarum\core\src\Http\Server.php(45): Laminas\HttpHandlerRunner\RequestHandlerRunner->run()
#67 C:\xampp\htdocs\flarum\public\index.php(26): Flarum\Http\Server->listen()
#68 {main}

Next Doctrine\DBAL\Driver\PDO\Exception: SQLSTATE[HY000]: General error: 1005 Can't create table `forum`.`post_likes` (errno: 121 "Duplicate key on write or update") in C:\xampp\htdocs\flarum\vendor\doctrine\dbal\lib\Doctrine\DBAL\Driver\PDO\Exception.php:18
Stack trace:
#0 C:\xampp\htdocs\flarum\vendor\doctrine\dbal\lib\Doctrine\DBAL\Driver\PDOStatement.php(119): Doctrine\DBAL\Driver\PDO\Exception::new(Object(PDOException))
#1 C:\xampp\htdocs\flarum\vendor\illuminate\database\Connection.php(501): Doctrine\DBAL\Driver\PDOStatement->execute()
#2 C:\xampp\htdocs\flarum\vendor\illuminate\database\Connection.php(705): Illuminate\Database\Connection->Illuminate\Database\{closure}('alter table `po...', Array)
#3 C:\xampp\htdocs\flarum\vendor\illuminate\database\Connection.php(672): Illuminate\Database\Connection->runQueryCallback('alter table `po...', Array, Object(Closure))
#4 C:\xampp\htdocs\flarum\vendor\illuminate\database\Connection.php(502): Illuminate\Database\Connection->run('alter table `po...', Array, Object(Closure))
#5 C:\xampp\htdocs\flarum\vendor\illuminate\database\Schema\Blueprint.php(109): Illuminate\Database\Connection->statement('alter table `po...')
#6 C:\xampp\htdocs\flarum\vendor\illuminate\database\Schema\Builder.php(364): Illuminate\Database\Schema\Blueprint->build(Object(Illuminate\Database\MySqlConnection), Object(Illuminate\Database\Schema\Grammars\MySqlGrammar))
#7 C:\xampp\htdocs\flarum\vendor\illuminate\database\Schema\Builder.php(211): Illuminate\Database\Schema\Builder->build(Object(Illuminate\Database\Schema\Blueprint))
#8 C:\xampp\htdocs\flarum\vendor\flarum\likes\migrations\2018_06_27_100700_change_post_likes_add_foreign_keys.php(30): Illuminate\Database\Schema\Builder->table('post_likes', Object(Closure))
#9 [internal function]: Illuminate\Filesystem\Filesystem::{closure}(Object(Illuminate\Database\Schema\MySqlBuilder))
#10 C:\xampp\htdocs\flarum\vendor\flarum\core\src\Database\Migrator.php(194): call_user_func(Object(Closure), Object(Illuminate\Database\Schema\MySqlBuilder))
#11 C:\xampp\htdocs\flarum\vendor\flarum\core\src\Database\Migrator.php(213): Flarum\Database\Migrator->runClosureMigration(Array, 'up')
#12 C:\xampp\htdocs\flarum\vendor\flarum\core\src\Database\Migrator.php(127): Flarum\Database\Migrator->resolveAndRunClosureMigration('C:\\xampp\\htdocs...', '2018_06_27_1007...')
#13 C:\xampp\htdocs\flarum\vendor\flarum\core\src\Database\Migrator.php(113): Flarum\Database\Migrator->runUp('C:\\xampp\\htdocs...', '2018_06_27_1007...', Object(Flarum\Extension\Extension))
#14 C:\xampp\htdocs\flarum\vendor\flarum\core\src\Database\Migrator.php(87): Flarum\Database\Migrator->runMigrationList('C:\\xampp\\htdocs...', Array, Object(Flarum\Extension\Extension))
#15 C:\xampp\htdocs\flarum\vendor\flarum\core\src\Extension\Extension.php(499): Flarum\Database\Migrator->run('C:\\xampp\\htdocs...', Object(Flarum\Extension\Extension))
#16 C:\xampp\htdocs\flarum\vendor\flarum\core\src\Extension\ExtensionManager.php(337): Flarum\Extension\Extension->migrate(Object(Flarum\Database\Migrator), 'up')
#17 C:\xampp\htdocs\flarum\vendor\flarum\core\src\Extension\ExtensionManager.php(208): Flarum\Extension\ExtensionManager->migrate(Object(Flarum\Extension\Extension))
#18 C:\xampp\htdocs\flarum\vendor\flarum\core\src\Extension\Command\ToggleExtensionHandler.php(36): Flarum\Extension\ExtensionManager->enable('flarum-likes')
#19 C:\xampp\htdocs\flarum\vendor\illuminate\bus\Dispatcher.php(122): Flarum\Extension\Command\ToggleExtensionHandler->handle(Object(Flarum\Extension\Command\ToggleExtension))
#20 C:\xampp\htdocs\flarum\vendor\illuminate\pipeline\Pipeline.php(128): Illuminate\Bus\Dispatcher->Illuminate\Bus\{closure}(Object(Flarum\Extension\Command\ToggleExtension))
#21 C:\xampp\htdocs\flarum\vendor\illuminate\pipeline\Pipeline.php(103): Illuminate\Pipeline\Pipeline->Illuminate\Pipeline\{closure}(Object(Flarum\Extension\Command\ToggleExtension))
#22 C:\xampp\htdocs\flarum\vendor\illuminate\bus\Dispatcher.php(132): Illuminate\Pipeline\Pipeline->then(Object(Closure))
#23 C:\xampp\htdocs\flarum\vendor\illuminate\bus\Dispatcher.php(78): Illuminate\Bus\Dispatcher->dispatchNow(Object(Flarum\Extension\Command\ToggleExtension))
#24 C:\xampp\htdocs\flarum\vendor\flarum\core\src\Api\Controller\UpdateExtensionController.php(43): Illuminate\Bus\Dispatcher->dispatch(Object(Flarum\Extension\Command\ToggleExtension))
#25 C:\xampp\htdocs\flarum\vendor\flarum\core\src\Http\RouteHandlerFactory.php(41): Flarum\Api\Controller\UpdateExtensionController->handle(Object(Laminas\Diactoros\ServerRequest))
#26 C:\xampp\htdocs\flarum\vendor\flarum\core\src\Http\Middleware\ExecuteRoute.php(27): Flarum\Http\RouteHandlerFactory->Flarum\Http\{closure}(Object(Laminas\Diactoros\ServerRequest), Array)
#27 C:\xampp\htdocs\flarum\vendor\laminas\laminas-stratigility\src\Next.php(49): Flarum\Http\Middleware\ExecuteRoute->process(Object(Laminas\Diactoros\ServerRequest), Object(Closure))
#28 C:\xampp\htdocs\flarum\vendor\flarum\core\src\Api\Middleware\ThrottleApi.php(33): Laminas\Stratigility\Next->handle(Object(Laminas\Diactoros\ServerRequest))
#29 C:\xampp\htdocs\flarum\vendor\laminas\laminas-stratigility\src\Next.php(49): Flarum\Api\Middleware\ThrottleApi->process(Object(Laminas\Diactoros\ServerRequest), Object(Laminas\Stratigility\Next))
#30 C:\xampp\htdocs\flarum\vendor\flarum\core\src\Http\Middleware\CheckCsrfToken.php(44): Laminas\Stratigility\Next->handle(Object(Laminas\Diactoros\ServerRequest))
#31 C:\xampp\htdocs\flarum\vendor\laminas\laminas-stratigility\src\Next.php(49): Flarum\Http\Middleware\CheckCsrfToken->process(Object(Laminas\Diactoros\ServerRequest), Object(Laminas\Stratigility\Next))
#32 C:\xampp\htdocs\flarum\vendor\flarum\core\src\Http\Middleware\ResolveRoute.php(69): Laminas\Stratigility\Next->handle(Object(Laminas\Diactoros\ServerRequest))
#33 C:\xampp\htdocs\flarum\vendor\laminas\laminas-stratigility\src\Next.php(49): Flarum\Http\Middleware\ResolveRoute->process(Object(Laminas\Diactoros\ServerRequest), Object(Laminas\Stratigility\Next))
#34 C:\xampp\htdocs\flarum\vendor\flarum\core\src\Http\Middleware\SetLocale.php(51): Laminas\Stratigility\Next->handle(Object(Laminas\Diactoros\ServerRequest))
#35 C:\xampp\htdocs\flarum\vendor\laminas\laminas-stratigility\src\Next.php(49): Flarum\Http\Middleware\SetLocale->process(Object(Laminas\Diactoros\ServerRequest), Object(Laminas\Stratigility\Next))
#36 C:\xampp\htdocs\flarum\vendor\flarum\core\src\Http\Middleware\AuthenticateWithHeader.php(58): Laminas\Stratigility\Next->handle(Object(Laminas\Diactoros\ServerRequest))
#37 C:\xampp\htdocs\flarum\vendor\laminas\laminas-stratigility\src\Next.php(49): Flarum\Http\Middleware\AuthenticateWithHeader->process(Object(Laminas\Diactoros\ServerRequest), Object(Laminas\Stratigility\Next))
#38 C:\xampp\htdocs\flarum\vendor\flarum\core\src\Http\Middleware\AuthenticateWithSession.php(31): Laminas\Stratigility\Next->handle(Object(Laminas\Diactoros\ServerRequest))
#39 C:\xampp\htdocs\flarum\vendor\laminas\laminas-stratigility\src\Next.php(49): Flarum\Http\Middleware\AuthenticateWithSession->process(Object(Laminas\Diactoros\ServerRequest), Object(Laminas\Stratigility\Next))
#40 C:\xampp\htdocs\flarum\vendor\flarum\core\src\Http\Middleware\RememberFromCookie.php(52): Laminas\Stratigility\Next->handle(Object(Laminas\Diactoros\ServerRequest))
#41 C:\xampp\htdocs\flarum\vendor\laminas\laminas-stratigility\src\Next.php(49): Flarum\Http\Middleware\RememberFromCookie->process(Object(Laminas\Diactoros\ServerRequest), Object(Laminas\Stratigility\Next))
#42 C:\xampp\htdocs\flarum\vendor\flarum\core\src\Http\Middleware\StartSession.php(61): Laminas\Stratigility\Next->handle(Object(Laminas\Diactoros\ServerRequest))
#43 C:\xampp\htdocs\flarum\vendor\laminas\laminas-stratigility\src\Next.php(49): Flarum\Http\Middleware\StartSession->process(Object(Laminas\Diactoros\ServerRequest), Object(Laminas\Stratigility\Next))
#44 C:\xampp\htdocs\flarum\vendor\flarum\core\src\Api\Middleware\FakeHttpMethods.php(29): Laminas\Stratigility\Next->handle(Object(Laminas\Diactoros\ServerRequest))
#45 C:\xampp\htdocs\flarum\vendor\laminas\laminas-stratigility\src\Next.php(49): Flarum\Api\Middleware\FakeHttpMethods->process(Object(Laminas\Diactoros\ServerRequest), Object(Laminas\Stratigility\Next))
#46 C:\xampp\htdocs\flarum\vendor\flarum\core\src\Http\Middleware\ParseJsonBody.php(28): Laminas\Stratigility\Next->handle(Object(Laminas\Diactoros\ServerRequest))
#47 C:\xampp\htdocs\flarum\vendor\laminas\laminas-stratigility\src\Next.php(49): Flarum\Http\Middleware\ParseJsonBody->process(Object(Laminas\Diactoros\ServerRequest), Object(Laminas\Stratigility\Next))
#48 C:\xampp\htdocs\flarum\vendor\flarum\core\src\Http\Middleware\HandleErrors.php(57): Laminas\Stratigility\Next->handle(Object(Laminas\Diactoros\ServerRequest))
#49 C:\xampp\htdocs\flarum\vendor\laminas\laminas-stratigility\src\Next.php(49): Flarum\Http\Middleware\HandleErrors->process(Object(Laminas\Diactoros\ServerRequest), Object(Laminas\Stratigility\Next))
#50 C:\xampp\htdocs\flarum\vendor\flarum\core\src\Http\Middleware\InjectActorReference.php(25): Laminas\Stratigility\Next->handle(Object(Laminas\Diactoros\ServerRequest))
#51 C:\xampp\htdocs\flarum\vendor\laminas\laminas-stratigility\src\Next.php(49): Flarum\Http\Middleware\InjectActorReference->process(Object(Laminas\Diactoros\ServerRequest), Object(Laminas\Stratigility\Next))
#52 C:\xampp\htdocs\flarum\vendor\laminas\laminas-stratigility\src\MiddlewarePipe.php(75): Laminas\Stratigility\Next->handle(Object(Laminas\Diactoros\ServerRequest))
#53 C:\xampp\htdocs\flarum\vendor\middlewares\request-handler\src\RequestHandler.php(84): Laminas\Stratigility\MiddlewarePipe->process(Object(Laminas\Diactoros\ServerRequest), Object(Laminas\Stratigility\Next))
#54 C:\xampp\htdocs\flarum\vendor\laminas\laminas-stratigility\src\Next.php(49): Middlewares\RequestHandler->process(Object(Laminas\Diactoros\ServerRequest), Object(Laminas\Stratigility\Next))
#55 C:\xampp\htdocs\flarum\vendor\middlewares\base-path-router\src\BasePathRouter.php(101): Laminas\Stratigility\Next->handle(Object(Laminas\Diactoros\ServerRequest))
#56 C:\xampp\htdocs\flarum\vendor\laminas\laminas-stratigility\src\Next.php(49): Middlewares\BasePathRouter->process(Object(Laminas\Diactoros\ServerRequest), Object(Laminas\Stratigility\Next))
#57 C:\xampp\htdocs\flarum\vendor\laminas\laminas-stratigility\src\Middleware\OriginalMessages.php(36): Laminas\Stratigility\Next->handle(Object(Laminas\Diactoros\ServerRequest))
#58 C:\xampp\htdocs\flarum\vendor\laminas\laminas-stratigility\src\Next.php(49): Laminas\Stratigility\Middleware\OriginalMessages->process(Object(Laminas\Diactoros\ServerRequest), Object(Laminas\Stratigility\Next))
#59 C:\xampp\htdocs\flarum\vendor\middlewares\base-path\src\BasePath.php(73): Laminas\Stratigility\Next->handle(Object(Laminas\Diactoros\ServerRequest))
#60 C:\xampp\htdocs\flarum\vendor\laminas\laminas-stratigility\src\Next.php(49): Middlewares\BasePath->process(Object(Laminas\Diactoros\ServerRequest), Object(Laminas\Stratigility\Next))
#61 C:\xampp\htdocs\flarum\vendor\flarum\core\src\Http\Middleware\ProcessIp.php(24): Laminas\Stratigility\Next->handle(Object(Laminas\Diactoros\ServerRequest))
#62 C:\xampp\htdocs\flarum\vendor\laminas\laminas-stratigility\src\Next.php(49): Flarum\Http\Middleware\ProcessIp->process(Object(Laminas\Diactoros\ServerRequest), Object(Laminas\Stratigility\Next))
#63 C:\xampp\htdocs\flarum\vendor\laminas\laminas-stratigility\src\MiddlewarePipe.php(75): Laminas\Stratigility\Next->handle(Object(Laminas\Diactoros\ServerRequest))
#64 C:\xampp\htdocs\flarum\vendor\laminas\laminas-stratigility\src\MiddlewarePipe.php(64): Laminas\Stratigility\MiddlewarePipe->process(Object(Laminas\Diactoros\ServerRequest), Object(Laminas\Stratigility\EmptyPipelineHandler))
#65 C:\xampp\htdocs\flarum\vendor\laminas\laminas-httphandlerrunner\src\RequestHandlerRunner.php(73): Laminas\Stratigility\MiddlewarePipe->handle(Object(Laminas\Diactoros\ServerRequest))
#66 C:\xampp\htdocs\flarum\vendor\flarum\core\src\Http\Server.php(45): Laminas\HttpHandlerRunner\RequestHandlerRunner->run()
#67 C:\xampp\htdocs\flarum\public\index.php(26): Flarum\Http\Server->listen()
#68 {main}

Next Illuminate\Database\QueryException: SQLSTATE[HY000]: General error: 1005 Can't create table `forum`.`post_likes` (errno: 121 "Duplicate key on write or update") (SQL: alter table `post_likes` add constraint `post_likes_post_id_foreign` foreign key (`post_id`) references `posts` (`id`) on delete cascade) in C:\xampp\htdocs\flarum\vendor\illuminate\database\Connection.php:712
Stack trace:
#0 C:\xampp\htdocs\flarum\vendor\illuminate\database\Connection.php(672): Illuminate\Database\Connection->runQueryCallback('alter table `po...', Array, Object(Closure))
#1 C:\xampp\htdocs\flarum\vendor\illuminate\database\Connection.php(502): Illuminate\Database\Connection->run('alter table `po...', Array, Object(Closure))
#2 C:\xampp\htdocs\flarum\vendor\illuminate\database\Schema\Blueprint.php(109): Illuminate\Database\Connection->statement('alter table `po...')
#3 C:\xampp\htdocs\flarum\vendor\illuminate\database\Schema\Builder.php(364): Illuminate\Database\Schema\Blueprint->build(Object(Illuminate\Database\MySqlConnection), Object(Illuminate\Database\Schema\Grammars\MySqlGrammar))
#4 C:\xampp\htdocs\flarum\vendor\illuminate\database\Schema\Builder.php(211): Illuminate\Database\Schema\Builder->build(Object(Illuminate\Database\Schema\Blueprint))
#5 C:\xampp\htdocs\flarum\vendor\flarum\likes\migrations\2018_06_27_100700_change_post_likes_add_foreign_keys.php(30): Illuminate\Database\Schema\Builder->table('post_likes', Object(Closure))
#6 [internal function]: Illuminate\Filesystem\Filesystem::{closure}(Object(Illuminate\Database\Schema\MySqlBuilder))
#7 C:\xampp\htdocs\flarum\vendor\flarum\core\src\Database\Migrator.php(194): call_user_func(Object(Closure), Object(Illuminate\Database\Schema\MySqlBuilder))
#8 C:\xampp\htdocs\flarum\vendor\flarum\core\src\Database\Migrator.php(213): Flarum\Database\Migrator->runClosureMigration(Array, 'up')
#9 C:\xampp\htdocs\flarum\vendor\flarum\core\src\Database\Migrator.php(127): Flarum\Database\Migrator->resolveAndRunClosureMigration('C:\\xampp\\htdocs...', '2018_06_27_1007...')
#10 C:\xampp\htdocs\flarum\vendor\flarum\core\src\Database\Migrator.php(113): Flarum\Database\Migrator->runUp('C:\\xampp\\htdocs...', '2018_06_27_1007...', Object(Flarum\Extension\Extension))
#11 C:\xampp\htdocs\flarum\vendor\flarum\core\src\Database\Migrator.php(87): Flarum\Database\Migrator->runMigrationList('C:\\xampp\\htdocs...', Array, Object(Flarum\Extension\Extension))
#12 C:\xampp\htdocs\flarum\vendor\flarum\core\src\Extension\Extension.php(499): Flarum\Database\Migrator->run('C:\\xampp\\htdocs...', Object(Flarum\Extension\Extension))
#13 C:\xampp\htdocs\flarum\vendor\flarum\core\src\Extension\ExtensionManager.php(337): Flarum\Extension\Extension->migrate(Object(Flarum\Database\Migrator), 'up')
#14 C:\xampp\htdocs\flarum\vendor\flarum\core\src\Extension\ExtensionManager.php(208): Flarum\Extension\ExtensionManager->migrate(Object(Flarum\Extension\Extension))
#15 C:\xampp\htdocs\flarum\vendor\flarum\core\src\Extension\Command\ToggleExtensionHandler.php(36): Flarum\Extension\ExtensionManager->enable('flarum-likes')
#16 C:\xampp\htdocs\flarum\vendor\illuminate\bus\Dispatcher.php(122): Flarum\Extension\Command\ToggleExtensionHandler->handle(Object(Flarum\Extension\Command\ToggleExtension))
#17 C:\xampp\htdocs\flarum\vendor\illuminate\pipeline\Pipeline.php(128): Illuminate\Bus\Dispatcher->Illuminate\Bus\{closure}(Object(Flarum\Extension\Command\ToggleExtension))
#18 C:\xampp\htdocs\flarum\vendor\illuminate\pipeline\Pipeline.php(103): Illuminate\Pipeline\Pipeline->Illuminate\Pipeline\{closure}(Object(Flarum\Extension\Command\ToggleExtension))
#19 C:\xampp\htdocs\flarum\vendor\illuminate\bus\Dispatcher.php(132): Illuminate\Pipeline\Pipeline->then(Object(Closure))
#20 C:\xampp\htdocs\flarum\vendor\illuminate\bus\Dispatcher.php(78): Illuminate\Bus\Dispatcher->dispatchNow(Object(Flarum\Extension\Command\ToggleExtension))
#21 C:\xampp\htdocs\flarum\vendor\flarum\core\src\Api\Controller\UpdateExtensionController.php(43): Illuminate\Bus\Dispatcher->dispatch(Object(Flarum\Extension\Command\ToggleExtension))
#22 C:\xampp\htdocs\flarum\vendor\flarum\core\src\Http\RouteHandlerFactory.php(41): Flarum\Api\Controller\UpdateExtensionController->handle(Object(Laminas\Diactoros\ServerRequest))
#23 C:\xampp\htdocs\flarum\vendor\flarum\core\src\Http\Middleware\ExecuteRoute.php(27): Flarum\Http\RouteHandlerFactory->Flarum\Http\{closure}(Object(Laminas\Diactoros\ServerRequest), Array)
#24 C:\xampp\htdocs\flarum\vendor\laminas\laminas-stratigility\src\Next.php(49): Flarum\Http\Middleware\ExecuteRoute->process(Object(Laminas\Diactoros\ServerRequest), Object(Closure))
#25 C:\xampp\htdocs\flarum\vendor\flarum\core\src\Api\Middleware\ThrottleApi.php(33): Laminas\Stratigility\Next->handle(Object(Laminas\Diactoros\ServerRequest))
#26 C:\xampp\htdocs\flarum\vendor\laminas\laminas-stratigility\src\Next.php(49): Flarum\Api\Middleware\ThrottleApi->process(Object(Laminas\Diactoros\ServerRequest), Object(Laminas\Stratigility\Next))
#27 C:\xampp\htdocs\flarum\vendor\flarum\core\src\Http\Middleware\CheckCsrfToken.php(44): Laminas\Stratigility\Next->handle(Object(Laminas\Diactoros\ServerRequest))
#28 C:\xampp\htdocs\flarum\vendor\laminas\laminas-stratigility\src\Next.php(49): Flarum\Http\Middleware\CheckCsrfToken->process(Object(Laminas\Diactoros\ServerRequest), Object(Laminas\Stratigility\Next))
#29 C:\xampp\htdocs\flarum\vendor\flarum\core\src\Http\Middleware\ResolveRoute.php(69): Laminas\Stratigility\Next->handle(Object(Laminas\Diactoros\ServerRequest))
#30 C:\xampp\htdocs\flarum\vendor\laminas\laminas-stratigility\src\Next.php(49): Flarum\Http\Middleware\ResolveRoute->process(Object(Laminas\Diactoros\ServerRequest), Object(Laminas\Stratigility\Next))
#31 C:\xampp\htdocs\flarum\vendor\flarum\core\src\Http\Middleware\SetLocale.php(51): Laminas\Stratigility\Next->handle(Object(Laminas\Diactoros\ServerRequest))
#32 C:\xampp\htdocs\flarum\vendor\laminas\laminas-stratigility\src\Next.php(49): Flarum\Http\Middleware\SetLocale->process(Object(Laminas\Diactoros\ServerRequest), Object(Laminas\Stratigility\Next))
#33 C:\xampp\htdocs\flarum\vendor\flarum\core\src\Http\Middleware\AuthenticateWithHeader.php(58): Laminas\Stratigility\Next->handle(Object(Laminas\Diactoros\ServerRequest))
#34 C:\xampp\htdocs\flarum\vendor\laminas\laminas-stratigility\src\Next.php(49): Flarum\Http\Middleware\AuthenticateWithHeader->process(Object(Laminas\Diactoros\ServerRequest), Object(Laminas\Stratigility\Next))
#35 C:\xampp\htdocs\flarum\vendor\flarum\core\src\Http\Middleware\AuthenticateWithSession.php(31): Laminas\Stratigility\Next->handle(Object(Laminas\Diactoros\ServerRequest))
#36 C:\xampp\htdocs\flarum\vendor\laminas\laminas-stratigility\src\Next.php(49): Flarum\Http\Middleware\AuthenticateWithSession->process(Object(Laminas\Diactoros\ServerRequest), Object(Laminas\Stratigility\Next))
#37 C:\xampp\htdocs\flarum\vendor\flarum\core\src\Http\Middleware\RememberFromCookie.php(52): Laminas\Stratigility\Next->handle(Object(Laminas\Diactoros\ServerRequest))
#38 C:\xampp\htdocs\flarum\vendor\laminas\laminas-stratigility\src\Next.php(49): Flarum\Http\Middleware\RememberFromCookie->process(Object(Laminas\Diactoros\ServerRequest), Object(Laminas\Stratigility\Next))
#39 C:\xampp\htdocs\flarum\vendor\flarum\core\src\Http\Middleware\StartSession.php(61): Laminas\Stratigility\Next->handle(Object(Laminas\Diactoros\ServerRequest))
#40 C:\xampp\htdocs\flarum\vendor\laminas\laminas-stratigility\src\Next.php(49): Flarum\Http\Middleware\StartSession->process(Object(Laminas\Diactoros\ServerRequest), Object(Laminas\Stratigility\Next))
#41 C:\xampp\htdocs\flarum\vendor\flarum\core\src\Api\Middleware\FakeHttpMethods.php(29): Laminas\Stratigility\Next->handle(Object(Laminas\Diactoros\ServerRequest))
#42 C:\xampp\htdocs\flarum\vendor\laminas\laminas-stratigility\src\Next.php(49): Flarum\Api\Middleware\FakeHttpMethods->process(Object(Laminas\Diactoros\ServerRequest), Object(Laminas\Stratigility\Next))
#43 C:\xampp\htdocs\flarum\vendor\flarum\core\src\Http\Middleware\ParseJsonBody.php(28): Laminas\Stratigility\Next->handle(Object(Laminas\Diactoros\ServerRequest))
#44 C:\xampp\htdocs\flarum\vendor\laminas\laminas-stratigility\src\Next.php(49): Flarum\Http\Middleware\ParseJsonBody->process(Object(Laminas\Diactoros\ServerRequest), Object(Laminas\Stratigility\Next))
#45 C:\xampp\htdocs\flarum\vendor\flarum\core\src\Http\Middleware\HandleErrors.php(57): Laminas\Stratigility\Next->handle(Object(Laminas\Diactoros\ServerRequest))
#46 C:\xampp\htdocs\flarum\vendor\laminas\laminas-stratigility\src\Next.php(49): Flarum\Http\Middleware\HandleErrors->process(Object(Laminas\Diactoros\ServerRequest), Object(Laminas\Stratigility\Next))
#47 C:\xampp\htdocs\flarum\vendor\flarum\core\src\Http\Middleware\InjectActorReference.php(25): Laminas\Stratigility\Next->handle(Object(Laminas\Diactoros\ServerRequest))
#48 C:\xampp\htdocs\flarum\vendor\laminas\laminas-stratigility\src\Next.php(49): Flarum\Http\Middleware\InjectActorReference->process(Object(Laminas\Diactoros\ServerRequest), Object(Laminas\Stratigility\Next))
#49 C:\xampp\htdocs\flarum\vendor\laminas\laminas-stratigility\src\MiddlewarePipe.php(75): Laminas\Stratigility\Next->handle(Object(Laminas\Diactoros\ServerRequest))
#50 C:\xampp\htdocs\flarum\vendor\middlewares\request-handler\src\RequestHandler.php(84): Laminas\Stratigility\MiddlewarePipe->process(Object(Laminas\Diactoros\ServerRequest), Object(Laminas\Stratigility\Next))
#51 C:\xampp\htdocs\flarum\vendor\laminas\laminas-stratigility\src\Next.php(49): Middlewares\RequestHandler->process(Object(Laminas\Diactoros\ServerRequest), Object(Laminas\Stratigility\Next))
#52 C:\xampp\htdocs\flarum\vendor\middlewares\base-path-router\src\BasePathRouter.php(101): Laminas\Stratigility\Next->handle(Object(Laminas\Diactoros\ServerRequest))
#53 C:\xampp\htdocs\flarum\vendor\laminas\laminas-stratigility\src\Next.php(49): Middlewares\BasePathRouter->process(Object(Laminas\Diactoros\ServerRequest), Object(Laminas\Stratigility\Next))
#54 C:\xampp\htdocs\flarum\vendor\laminas\laminas-stratigility\src\Middleware\OriginalMessages.php(36): Laminas\Stratigility\Next->handle(Object(Laminas\Diactoros\ServerRequest))
#55 C:\xampp\htdocs\flarum\vendor\laminas\laminas-stratigility\src\Next.php(49): Laminas\Stratigility\Middleware\OriginalMessages->process(Object(Laminas\Diactoros\ServerRequest), Object(Laminas\Stratigility\Next))
#56 C:\xampp\htdocs\flarum\vendor\middlewares\base-path\src\BasePath.php(73): Laminas\Stratigility\Next->handle(Object(Laminas\Diactoros\ServerRequest))
#57 C:\xampp\htdocs\flarum\vendor\laminas\laminas-stratigility\src\Next.php(49): Middlewares\BasePath->process(Object(Laminas\Diactoros\ServerRequest), Object(Laminas\Stratigility\Next))
#58 C:\xampp\htdocs\flarum\vendor\flarum\core\src\Http\Middleware\ProcessIp.php(24): Laminas\Stratigility\Next->handle(Object(Laminas\Diactoros\ServerRequest))
#59 C:\xampp\htdocs\flarum\vendor\laminas\laminas-stratigility\src\Next.php(49): Flarum\Http\Middleware\ProcessIp->process(Object(Laminas\Diactoros\ServerRequest), Object(Laminas\Stratigility\Next))
#60 C:\xampp\htdocs\flarum\vendor\laminas\laminas-stratigility\src\MiddlewarePipe.php(75): Laminas\Stratigility\Next->handle(Object(Laminas\Diactoros\ServerRequest))
#61 C:\xampp\htdocs\flarum\vendor\laminas\laminas-stratigility\src\MiddlewarePipe.php(64): Laminas\Stratigility\MiddlewarePipe->process(Object(Laminas\Diactoros\ServerRequest), Object(Laminas\Stratigility\EmptyPipelineHandler))
#62 C:\xampp\htdocs\flarum\vendor\laminas\laminas-httphandlerrunner\src\RequestHandlerRunner.php(73): Laminas\Stratigility\MiddlewarePipe->handle(Object(Laminas\Diactoros\ServerRequest))
#63 C:\xampp\htdocs\flarum\vendor\flarum\core\src\Http\Server.php(45): Laminas\HttpHandlerRunner\RequestHandlerRunner->run()
#64 C:\xampp\htdocs\flarum\public\index.php(26): Flarum\Http\Server->listen()
#65 {main}  
